2024-08-22 23:35:43,759:INFO:Username error!
2024-08-22 23:36:13,504:INFO:Password error!
2024-08-22 23:36:39,574:INFO:Password error!
2024-08-22 23:36:59,567:INFO:5 attempts failed! Admin is blocked!
2024-08-22 23:53:34,985:INFO:Password error!
2024-08-22 23:57:16,318:INFO:5 attempts failed! Admin is blocked!
2024-08-23 00:42:02,906:CRITICAL:5 attempts failed! Admin is blocked!
2024-08-23 00:44:01,131:CRITICAL:5 attempts failed! Admin is blocked!
2024-08-23 00:57:25,527:CRITICAL:5 attempts failed! Admin is blocked!
2024-08-23 23:03:10,221:INFO:Name error!
2024-08-23 23:06:35,582:INFO:Name error!
2024-08-23 23:11:07,706:INFO:Name error!
2024-08-23 23:11:23,541:INFO:Service error!
2024-08-23 23:21:00,651:INFO:Name error!
2024-08-23 23:21:13,429:INFO:Service error!
2024-08-23 23:21:48,593:INFO:Phone number error!
2024-08-23 23:39:24,376:INFO:Name error!
2024-08-23 23:39:57,110:INFO:Phone number error!
2024-08-24 02:19:07,617:INFO:Name error!
2024-08-24 02:19:25,073:INFO:Service error!
2024-08-25 00:18:39,964:INFO:Name error!
2024-08-25 00:18:50,482:INFO:Service error!
2024-08-25 20:39:15,503:INFO:Name error!
2024-08-25 20:39:35,878:INFO:Service error!
